<?xml version="1.0" encoding="UTF-8"?>
<!-- Generated by org.testng.reporters.JUnitXMLReporter -->
<testsuite hostname="02corm-p1wwfh00.za.ds.naspers.com" ignored="0" name="Default test" tests="3" failures="0" timestamp="13 Dec 2016 05:59:37 GMT" time="86.266" errors="0">
  <testcase name="addItemToCart" time="85.857" classname="com.cucumber.MavenCucumberPrototype.TestNG.CreditCardPaymentPargoTest"/>
  <testcase name="testExcecutionEnd" time="0.001" classname="com.cucumber.MavenCucumberPrototype.TestNG.CreditCardPaymentPargoTest"/>
  <testcase name="testExcecutionStart" time="0.002" classname="com.cucumber.MavenCucumberPrototype.TestNG.CreditCardPaymentPargoTest"/>
</testsuite> <!-- Default test -->
