<?xml version="1.0" encoding="UTF-8" ?>
<testsuite tests="2" failures="1" name="TestSuite" time="132.41" errors="0" skipped="0">
  <properties>
[...]
</properties>
  <testcase classname="com.cucumber.MavenCucumberPrototype.TestNG.AddItemToCartTest" name="addItemToCart" time="38"/>
  <testcase classname="com.cucumber.MavenCucumberPrototype.TestNG.CreditCardPaymentPargoTest" name="addItemToCart" time="94.41">
    <failure message="no such element: Unable to locate element: {&quot;method&quot;:&quot;id&quot;,&quot;selector&quot;:&quot;pin-description-titlepup555&quot;}
  (Session info: chrome=54.0.2840.98)
  (Driver info: chromedriver=2.25.426935 (820a95b0b81d33e42712f9198c215f703412e1a1),platform=Mac OS X 10.11.4 x86_64) (WARNING: The server did not provide any stacktrace information)
Command duration or timeout: 10.01 seconds
For documentation on this error, please visit: http://seleniumhq.org/exceptions/no_such_element.html
Build info: version: &apos;3.0.0&apos;, revision: &apos;350cf60&apos;, time: &apos;2016-10-13 10:48:57 -0700&apos;
System info: host: &apos;02corm-p1wwfh00.local&apos;, ip: &apos;169.254.180.146&apos;, os.name: &apos;Mac OS X&apos;, os.arch: &apos;x86_64&apos;, os.version: &apos;10.11.4&apos;, java.version: &apos;1.8.0_91&apos;
Driver info: org.openqa.selenium.chrome.ChromeDriver
Capabilities [{applicationCacheEnabled=false, rotatable=false, mobileEmulationEnabled=false, networkConnectionEnabled=false, chrome={chromedriverVersion=2.25.426935 (820a95b0b81d33e42712f9198c215f703412e1a1), userDataDir=/var/folders/3p/mllz82gs7yx7xpkl6wf8qr60ftkfgx/T/.org.chromium.Chromium.n9sGck}, takesHeapSnapshot=true, pageLoadStrategy=normal, databaseEnabled=false, handlesAlerts=true, hasTouchScreen=false, version=54.0.2840.98, platform=MAC, browserConnectionEnabled=false, nativeEvents=true, acceptSslCerts=true, locationContextEnabled=true, webStorageEnabled=true, browserName=chrome, takesScreenshot=true, javascriptEnabled=true, cssSelectorsEnabled=true}]
Session ID: 81167aa18bdb035f4f9f51c6f16a9677
*** Element info: {Using=id, value=pin-description-titlepup555}" type="org.openqa.selenium.NoSuchElementException">org.openqa.selenium.NoSuchElementException: no such element: Unable to locate element: {&quot;method&quot;:&quot;id&quot;,&quot;selector&quot;:&quot;pin-description-titlepup555&quot;}
  (Session info: chrome=54.0.2840.98)
  (Driver info: chromedriver=2.25.426935 (820a95b0b81d33e42712f9198c215f703412e1a1),platform=Mac OS X 10.11.4 x86_64) (WARNING: The server did not provide any stacktrace information)
Command duration or timeout: 10.01 seconds
For documentation on this error, please visit: http://seleniumhq.org/exceptions/no_such_element.html
Build info: version: &apos;3.0.0&apos;, revision: &apos;350cf60&apos;, time: &apos;2016-10-13 10:48:57 -0700&apos;
System info: host: &apos;02corm-p1wwfh00.local&apos;, ip: &apos;169.254.180.146&apos;, os.name: &apos;Mac OS X&apos;, os.arch: &apos;x86_64&apos;, os.version: &apos;10.11.4&apos;, java.version: &apos;1.8.0_91&apos;
Driver info: org.openqa.selenium.chrome.ChromeDriver
Capabilities [{applicationCacheEnabled=false, rotatable=false, mobileEmulationEnabled=false, networkConnectionEnabled=false, chrome={chromedriverVersion=2.25.426935 (820a95b0b81d33e42712f9198c215f703412e1a1), userDataDir=/var/folders/3p/mllz82gs7yx7xpkl6wf8qr60ftkfgx/T/.org.chromium.Chromium.n9sGck}, takesHeapSnapshot=true, pageLoadStrategy=normal, databaseEnabled=false, handlesAlerts=true, hasTouchScreen=false, version=54.0.2840.98, platform=MAC, browserConnectionEnabled=false, nativeEvents=true, acceptSslCerts=true, locationContextEnabled=true, webStorageEnabled=true, browserName=chrome, takesScreenshot=true, javascriptEnabled=true, cssSelectorsEnabled=true}]
Session ID: 81167aa18bdb035f4f9f51c6f16a9677
*** Element info: {Using=id, value=pin-description-titlepup555}
	at sun.reflect.NativeConstructorAccessorImpl.newInstance0(Native Method)
	at sun.reflect.NativeConstructorAccessorImpl.newInstance(NativeConstructorAccessorImpl.java:62)
	at sun.reflect.DelegatingConstructorAccessorImpl.newInstance(DelegatingConstructorAccessorImpl.java:45)
	at java.lang.reflect.Constructor.newInstance(Constructor.java:423)
	at org.openqa.selenium.remote.ErrorHandler.createThrowable(ErrorHandler.java:216)
	at org.openqa.selenium.remote.ErrorHandler.throwIfResponseFailed(ErrorHandler.java:168)
	at org.openqa.selenium.remote.RemoteWebDriver.execute(RemoteWebDriver.java:635)
	at org.openqa.selenium.remote.RemoteWebDriver.findElement(RemoteWebDriver.java:368)
	at org.openqa.selenium.remote.RemoteWebDriver.findElementById(RemoteWebDriver.java:417)
	at org.openqa.selenium.By$ById.findElement(By.java:218)
	at org.openqa.selenium.remote.RemoteWebDriver.findElement(RemoteWebDriver.java:360)
	at com.cucumber.MavenCucumberPrototype.Utilities.SeleniumDriver.ClickElementByXpathUsingJavaScript(SeleniumDriver.java:398)
	at com.cucumber.MavenCucumberPrototype.PageObjects.ShippingPage.selectShippingMethod(ShippingPage.java:138)
	at com.cucumber.MavenCucumberPrototype.TestNG.CreditCardPaymentPargoTest.addItemToCart(CreditCardPaymentPargoTest.java:48)
</failure>
    <system-out>Duration: 00 Hour(s) 00 Minute(s), 00 Second(s)
Logging class initialised
Logging class initialised
Logging class initialised
Logging class initialised
Logging class initialised
Logging class initialised
Logging class initialised
Logging class initialised
Logging class initialised
Logging class initialised
Logging class initialised
Logging class initialised
Logging class initialised
Logging class initialised
Logging class initialised
Logging class initialised
Logging class initialised
WebDriver successfully started
Logging class initialised
Logging class initialised
Logging class initialised
Logging class initialised
ClickElementByClassName (close)
HoverOverElementAndClickSubElement (WOMEN)
HoverOverElementAndClickSubElement (Jeans)
Logging class initialised
Logging class initialised
Logging class initialised
Logging class initialised
itemListSize 48
ClickElementByXpath (//*[@class=&apos;products product-listing-desktop&apos;]//li[9]/div/div[2]//a[1])
Clicked: 6
ClickElementByXpath (//*[@id=&quot;product_addtocart_form&quot;]/div[2]/button)
Selected size: null
Logging class initialised
Logging class initialised
Logging class initialised
Logging class initialised
Logging class initialised
Logging class initialised
Logging class initialised
Logging class initialised
Logging class initialised
Logging class initialised
Logging class initialised
Logging class initialised
ClickElementByClassName (icon-account-empty)
Enter_Text (Sinethemba)
Enter_Text (Qashu)
Enter_Text (1481191164182_sinethembaq@yahoo.com)
Enter_Text (01)
Enter_Text (11)
Enter_Text (1988)
ClickElementByID (gender-1)
Enter_Text (@123#11AB)
Enter_Text (@123#11AB)
ClickElementByID (submit-register)
Logging class initialised
Logging class initialised
Logging class initialised
Logging class initialised
Logging class initialised
Logging class initialised
Logging class initialised
Logging class initialised
ClickElementByID (checkout_link)
Enter_Text (0716055899)
Enter_Text (Tester Road)
ClickElementByID (suburb)
Enter_Text (Vierlanden)
ClickElementByID (address_16769)
ClickElementByXpath (//*[@id=&quot;submit-address-button&quot;])
Logging class initialised
Logging class initialised
Logging class initialised
Logging class initialised
ClickElementByClassName (option_pargo_bestway)
</system-out>
    <system-err>Starting ChromeDriver 2.25.426935 (820a95b0b81d33e42712f9198c215f703412e1a1) on port 20165
Only local connections are allowed.
Dec 08, 2016 11:58:44 AM org.openqa.selenium.remote.ProtocolHandshake createSession
INFO: Attempting bi-dialect session, assuming Postel&apos;s Law holds true on the remote end
Dec 08, 2016 11:58:45 AM org.openqa.selenium.remote.ProtocolHandshake createSession
INFO: Detected dialect: OSS
</system-err>
  </testcase>
</testsuite>