<?xml version="1.0" encoding="UTF-8"?>
<testng-results skipped="0" failed="0" ignored="0" total="3" passed="3">
  <reporter-output>
  </reporter-output>
  <suite name="Default suite" duration-ms="86266" started-at="2016-12-13T05:58:10Z" finished-at="2016-12-13T05:59:36Z">
    <groups>
    </groups>
    <test name="Default test" duration-ms="86266" started-at="2016-12-13T05:58:10Z" finished-at="2016-12-13T05:59:36Z">
      <class name="com.cucumber.MavenCucumberPrototype.TestNG.CreditCardPaymentPargoTest">
        <test-method status="PASS" signature="testExcecutionStart()[pri:0, instance:com.cucumber.MavenCucumberPrototype.TestNG.CreditCardPaymentPargoTest@57536d79]" name="testExcecutionStart" is-config="true" duration-ms="279" started-at="2016-12-13T07:58:10Z" finished-at="2016-12-13T07:58:10Z">
          <reporter-output>
          </reporter-output>
        </test-method> <!-- testExcecutionStart -->
        <test-method status="PASS" signature="addItemToCart()[pri:0, instance:com.cucumber.MavenCucumberPrototype.TestNG.CreditCardPaymentPargoTest@57536d79]" name="addItemToCart" duration-ms="85857" started-at="2016-12-13T07:58:10Z" finished-at="2016-12-13T07:59:36Z">
          <reporter-output>
          </reporter-output>
        </test-method> <!-- addItemToCart -->
        <test-method status="PASS" signature="testExcecutionEnd()[pri:0, instance:com.cucumber.MavenCucumberPrototype.TestNG.CreditCardPaymentPargoTest@57536d79]" name="testExcecutionEnd" is-config="true" duration-ms="96" started-at="2016-12-13T07:59:36Z" finished-at="2016-12-13T07:59:36Z">
          <reporter-output>
          </reporter-output>
        </test-method> <!-- testExcecutionEnd -->
        <test-method status="PASS" signature="testExcecutionStart()[pri:0, instance:com.cucumber.MavenCucumberPrototype.TestNG.CreditCardPaymentPargoTest@57536d79]" name="testExcecutionStart" is-config="true" duration-ms="0" started-at="2016-12-13T07:59:36Z" finished-at="2016-12-13T07:59:36Z">
          <reporter-output>
          </reporter-output>
        </test-method> <!-- testExcecutionStart -->
        <test-method status="PASS" signature="testExcecutionEnd()[pri:0, instance:com.cucumber.MavenCucumberPrototype.TestNG.CreditCardPaymentPargoTest@57536d79]" name="testExcecutionEnd" duration-ms="1" started-at="2016-12-13T07:59:36Z" finished-at="2016-12-13T07:59:36Z">
          <reporter-output>
          </reporter-output>
        </test-method> <!-- testExcecutionEnd -->
        <test-method status="PASS" signature="testExcecutionEnd()[pri:0, instance:com.cucumber.MavenCucumberPrototype.TestNG.CreditCardPaymentPargoTest@57536d79]" name="testExcecutionEnd" is-config="true" duration-ms="1" started-at="2016-12-13T07:59:36Z" finished-at="2016-12-13T07:59:36Z">
          <reporter-output>
          </reporter-output>
        </test-method> <!-- testExcecutionEnd -->
        <test-method status="PASS" signature="testExcecutionStart()[pri:0, instance:com.cucumber.MavenCucumberPrototype.TestNG.CreditCardPaymentPargoTest@57536d79]" name="testExcecutionStart" is-config="true" duration-ms="1" started-at="2016-12-13T07:59:36Z" finished-at="2016-12-13T07:59:36Z">
          <reporter-output>
          </reporter-output>
        </test-method> <!-- testExcecutionStart -->
        <test-method status="PASS" signature="testExcecutionStart()[pri:0, instance:com.cucumber.MavenCucumberPrototype.TestNG.CreditCardPaymentPargoTest@57536d79]" name="testExcecutionStart" duration-ms="2" started-at="2016-12-13T07:59:36Z" finished-at="2016-12-13T07:59:36Z">
          <reporter-output>
          </reporter-output>
        </test-method> <!-- testExcecutionStart -->
        <test-method status="PASS" signature="testExcecutionEnd()[pri:0, instance:com.cucumber.MavenCucumberPrototype.TestNG.CreditCardPaymentPargoTest@57536d79]" name="testExcecutionEnd" is-config="true" duration-ms="1" started-at="2016-12-13T07:59:36Z" finished-at="2016-12-13T07:59:36Z">
          <reporter-output>
          </reporter-output>
        </test-method> <!-- testExcecutionEnd -->
      </class> <!-- com.cucumber.MavenCucumberPrototype.TestNG.CreditCardPaymentPargoTest -->
    </test> <!-- Default test -->
  </suite> <!-- Default suite -->
</testng-results>
